     1                                  bits 32 ; assembling for the 32 bits architecture
     2                                  
     3                                  ; declare the EntryPoint (a label defining the very first instruction of the program)
     4                                  global start        
     5                                  
     6                                  ; declare external functions needed by our program
     7                                  extern exit               ; tell nasm that exit exists even if we won't be defining it
     8                                  import exit msvcrt.dll    ; exit is a function that ends the calling process. It is defined in msvcrt.dll
     9                                                            ; msvcrt.dll contains exit, printf and all the other important C-runtime specific functions
    10                                  
    11                                  ; our data is declared here (the variables needed by our program)
    12                                  segment data use32 class=data
    13                                      ; ...
    14                                  
    15                                      
    16                                      
    17                                  ; our code starts here
    18                                  segment code use32 class=code
    19                                      start:
    20                                          ; ...
    21                                          
    22 00000000 B007                            mov AL, 7
    23 00000002 B001                            mov AL, 1
    24 00000004 66B80001                        mov AX, 256
    25 00000008 66B8FFFF                        mov AX,  -1
    26                                          
    27                                      
    28                                          ; exit(0)
    29 0000000C 6A00                            push    dword 0      ; push the parameter for exit onto the stack
    30 0000000E FF15[00000000]                  call    [exit]       ; call exit to terminate the program
