     1                                  bits 32 ; assembling for the 32 bits architecture
     2                                  
     3                                  ; declare the EntryPoint (a label defining the very first instruction of the program)
     4                                  global start        
     5                                  
     6                                  ; declare external functions needed by our program
     7                                  extern exit               ; tell nasm that exit exists even if we won't be defining it
     8                                  import exit msvcrt.dll    ; exit is a function that ends the calling process. It is defined in msvcrt.dll
     9                                                            ; msvcrt.dll contains exit, printf and all the other important C-runtime specific functions
    10                                  
    11                                  ; our data is declared here (the variables needed by our program)
    12                                  segment data use32 class=data
    13                                      ; ...
    14                                  
    15                                  ; our code starts here
    16                                  segment code use32 class=code
    17                                      start:
    18                                          ; ...
    19 00000000 BB01000000                      mov ebx, 1
    20 00000005 B904000000                      mov ecx, 4 ;number of iterations
    21                                          
    22                                      lab:
    23 0000000A 01DB                            add ebx, ebx ;ebx += ebx
    24 0000000C 49                              dec ecx ; ecx--
    25 0000000D 83F900                          cmp ecx, 0
    26 00000010 7FF8                            jg lab
    27                                          
    28                                      
    29                                      
    30                                          ; exit(0)
    31 00000012 6A00                            push    dword 0      ; push the parameter for exit onto the stack
    32 00000014 FF15[00000000]                  call    [exit]       ; call exit to terminate the program
